[32mINFO[0m:     [09-11-2023 20:26:29] ::1:64563 - "POST /api/v1/collections/f5b67aa4-9dde-406f-b171-2dddda9a0f10/add HTTP/1.1" 201
[32mINFO[0m:     [09-11-2023 20:26:29] ::1:64563 - "POST /api/v1/collections/f5b67aa4-9dde-406f-b171-2dddda9a0f10/add HTTP/1.1" 201
[32mINFO[0m:     [09-11-2023 20:26:29] ::1:64563 - "POST /api/v1/collections/f5b67aa4-9dde-406f-b171-2dddda9a0f10/add HTTP/1.1" 201
[32mINFO[0m:     [09-11-2023 20:26:29] ::1:64563 - "POST /api/v1/collections/f5b67aa4-9dde-406f-b171-2dddda9a0f10/add HTTP/1.1" 201
[32mINFO[0m:     [09-11-2023 20:26:29] ::1:64563 - "POST /api/v1/collections/f5b67aa4-9dde-406f-b171-2dddda9a0f10/add HTTP/1.1" 201
[32mINFO[0m:     [09-11-2023 20:26:29] ::1:64563 - "POST /api/v1/collections/f5b67aa4-9dde-406f-b171-2dddda9a0f10/add HTTP/1.1" 201
[32mINFO[0m:     [09-11-2023 20:26:29] ::1:64563 - "POST /api/v1/collections/f5b67aa4-9dde-406f-b171-2dddda9a0f10/add HTTP/1.1" 201
[32mINFO[0m:     [10-11-2023 08:15:50] Shutting down
[32mINFO[0m:     [10-11-2023 08:15:50] Waiting for application shutdown.
[32mINFO[0m:     [10-11-2023 08:15:50] Application shutdown complete.
[32mINFO[0m:     [10-11-2023 08:15:50] Finished server process [[36m61084[0m]
[32mINFO[0m:     [11-11-2023 17:46:39] Anonymized telemetry enabled. See                     https://docs.trychroma.com/telemetry for more information.
[36mDEBUG[0m:    [11-11-2023 17:46:39] Starting component System
[36mDEBUG[0m:    [11-11-2023 17:46:39] Starting component OpenTelemetryClient
[36mDEBUG[0m:    [11-11-2023 17:46:39] Starting component SimpleAssignmentPolicy
[36mDEBUG[0m:    [11-11-2023 17:46:39] Starting component SqliteDB
[36mDEBUG[0m:    [11-11-2023 17:46:39] Starting component Posthog
[36mDEBUG[0m:    [11-11-2023 17:46:39] Starting component LocalSegmentManager
[36mDEBUG[0m:    [11-11-2023 17:46:39] Starting component SegmentAPI
[32mINFO[0m:     [11-11-2023 17:46:39] Started server process [[36m80006[0m]
[32mINFO[0m:     [11-11-2023 17:46:39] Waiting for application startup.
[32mINFO[0m:     [11-11-2023 17:46:39] Application startup complete.
[32mINFO[0m:     [11-11-2023 17:46:39] Uvicorn running on [1mhttp://localhost:8000[0m (Press CTRL+C to quit)
